<?xml version="1.0" encoding="UTF-8"?>
<testsuite name="is.ru.tictactoe.BoardIndexJUnit" tests="5" skipped="0" failures="0" errors="0" timestamp="2015-10-27T20:38:58" hostname="i-7f3b5dd9.csd07cloud.internal" time="0.003">
  <properties/>
  <testcase name="testCheckOutOfRangeIndex" classname="is.ru.tictactoe.BoardIndexJUnit" time="0.001"/>
  <testcase name="testCheckValidIndex" classname="is.ru.tictactoe.BoardIndexJUnit" time="0.0"/>
  <testcase name="testCheckIndexWith100" classname="is.ru.tictactoe.BoardIndexJUnit" time="0.0"/>
  <testcase name="testCheckIndexWith200" classname="is.ru.tictactoe.BoardIndexJUnit" time="0.0"/>
  <testcase name="testCheckIndexWith300" classname="is.ru.tictactoe.BoardIndexJUnit" time="0.0"/>
  <system-out><![CDATA[]]></system-out>
  <system-err><![CDATA[]]></system-err>
</testsuite>
